--------------------------------------------------------------------------
[[9583,1],4]: A high-performance Open MPI point-to-point messaging module
was unable to find any relevant network interfaces:

Module: OpenFabrics (openib)
  Host: tcopt10

Another transport will be used instead, although this may result in
lower performance.

NOTE: You can disable this warning by setting the MCA parameter
btl_base_warn_component_unused to 0.
--------------------------------------------------------------------------
SIRIUS 7.0.0, git hash: https://api.github.com/repos/electronic-structure/SIRIUS/git/ref/tags/v7.0.0
[tcopt10:41697] 35 more processes have sent help message help-mpi-btl-base.txt / btl:no-nics
[tcopt10:41697] Set MCA parameter "orte_base_help_aggregate" to 0 to see all help / error messages
[1606948772.077663] [tcopt10:41719:0]          mpool.c:38   UCX  WARN  object 0x6bb24c0 was not returned to mpool ucp_requests
[1606948772.077686] [tcopt10:41719:0]          mpool.c:38   UCX  WARN  object 0x6bb2a00 was not returned to mpool ucp_requests
[1606948772.077695] [tcopt10:41719:0]          mpool.c:38   UCX  WARN  object 0x6bb2d80 was not returned to mpool ucp_requests
[1606948772.077757] [tcopt10:41744:0]          mpool.c:38   UCX  WARN  object 0x8048480 was not returned to mpool ucp_requests
[1606948772.077780] [tcopt10:41744:0]          mpool.c:38   UCX  WARN  object 0x80489c0 was not returned to mpool ucp_requests
[1606948772.077787] [tcopt10:41744:0]          mpool.c:38   UCX  WARN  object 0x8048b80 was not returned to mpool ucp_requests
[1606948772.077794] [tcopt10:41744:0]          mpool.c:38   UCX  WARN  object 0x8048d40 was not returned to mpool ucp_requests
[1606948772.078868] [tcopt10:41731:0]          mpool.c:38   UCX  WARN  object 0x7c61bc0 was not returned to mpool ucp_requests
[1606948772.078896] [tcopt10:41731:0]          mpool.c:38   UCX  WARN  object 0x7c62100 was not returned to mpool ucp_requests
[1606948772.078901] [tcopt10:41731:0]          mpool.c:38   UCX  WARN  object 0x7c622c0 was not returned to mpool ucp_requests
[1606948772.078910] [tcopt10:41731:0]          mpool.c:38   UCX  WARN  object 0x7c62480 was not returned to mpool ucp_requests
[1606948772.079035] [tcopt10:41754:0]          mpool.c:38   UCX  WARN  object 0x7000980 was not returned to mpool ucp_requests
[1606948772.079071] [tcopt10:41754:0]          mpool.c:38   UCX  WARN  object 0x7000ec0 was not returned to mpool ucp_requests
[1606948772.079083] [tcopt10:41754:0]          mpool.c:38   UCX  WARN  object 0x7001080 was not returned to mpool ucp_requests
[1606948772.079095] [tcopt10:41754:0]          mpool.c:38   UCX  WARN  object 0x7001240 was not returned to mpool ucp_requests
[1606948772.079145] [tcopt10:41740:0]          mpool.c:38   UCX  WARN  object 0x6ba5b40 was not returned to mpool ucp_requests
[1606948772.079169] [tcopt10:41740:0]          mpool.c:38   UCX  WARN  object 0x6ba6080 was not returned to mpool ucp_requests
[1606948772.079174] [tcopt10:41740:0]          mpool.c:38   UCX  WARN  object 0x6ba6240 was not returned to mpool ucp_requests
[1606948772.079183] [tcopt10:41740:0]          mpool.c:38   UCX  WARN  object 0x6ba6400 was not returned to mpool ucp_requests
[1606948772.079179] [tcopt10:41759:0]          mpool.c:38   UCX  WARN  object 0x6d85a00 was not returned to mpool ucp_requests
[1606948772.079204] [tcopt10:41759:0]          mpool.c:38   UCX  WARN  object 0x6d85f40 was not returned to mpool ucp_requests
[1606948772.079210] [tcopt10:41759:0]          mpool.c:38   UCX  WARN  object 0x6d86100 was not returned to mpool ucp_requests
[1606948772.079217] [tcopt10:41759:0]          mpool.c:38   UCX  WARN  object 0x6d862c0 was not returned to mpool ucp_requests
[1606948772.079202] [tcopt10:41714:0]          mpool.c:38   UCX  WARN  object 0x7508a00 was not returned to mpool ucp_requests
[1606948772.079219] [tcopt10:41714:0]          mpool.c:38   UCX  WARN  object 0x7508f40 was not returned to mpool ucp_requests
[1606948772.079224] [tcopt10:41714:0]          mpool.c:38   UCX  WARN  object 0x7509100 was not returned to mpool ucp_requests
[1606948772.079228] [tcopt10:41714:0]          mpool.c:38   UCX  WARN  object 0x75092c0 was not returned to mpool ucp_requests
[1606948772.079366] [tcopt10:41747:0]          mpool.c:38   UCX  WARN  object 0x87bb740 was not returned to mpool ucp_requests
[1606948772.079388] [tcopt10:41747:0]          mpool.c:38   UCX  WARN  object 0x87bbac0 was not returned to mpool ucp_requests
[1606948772.079395] [tcopt10:41747:0]          mpool.c:38   UCX  WARN  object 0x87bbc80 was not returned to mpool ucp_requests
[1606948772.079401] [tcopt10:41747:0]          mpool.c:38   UCX  WARN  object 0x87bbe40 was not returned to mpool ucp_requests
[1606948772.079420] [tcopt10:41725:0]          mpool.c:38   UCX  WARN  object 0x6dc4580 was not returned to mpool ucp_requests
[1606948772.079446] [tcopt10:41725:0]          mpool.c:38   UCX  WARN  object 0x6dc4ac0 was not returned to mpool ucp_requests
[1606948772.079453] [tcopt10:41725:0]          mpool.c:38   UCX  WARN  object 0x6dc4c80 was not returned to mpool ucp_requests
[1606948772.079460] [tcopt10:41725:0]          mpool.c:38   UCX  WARN  object 0x6dc4e40 was not returned to mpool ucp_requests
