--------------------------------------------------------------------------
[[59351,1],12]: A high-performance Open MPI point-to-point messaging module
was unable to find any relevant network interfaces:

Module: OpenFabrics (openib)
  Host: tcopt10

Another transport will be used instead, although this may result in
lower performance.

NOTE: You can disable this warning by setting the MCA parameter
btl_base_warn_component_unused to 0.
--------------------------------------------------------------------------
SIRIUS 7.0.0, git hash: https://api.github.com/repos/electronic-structure/SIRIUS/git/ref/tags/v7.0.0
[tcopt10:24665] 35 more processes have sent help message help-mpi-btl-base.txt / btl:no-nics
[tcopt10:24665] Set MCA parameter "orte_base_help_aggregate" to 0 to see all help / error messages
--------------------------------------------------------------------------
[[40058,1],2]: A high-performance Open MPI point-to-point messaging module
was unable to find any relevant network interfaces:

Module: OpenFabrics (openib)
  Host: tcopt10

Another transport will be used instead, although this may result in
lower performance.

NOTE: You can disable this warning by setting the MCA parameter
btl_base_warn_component_unused to 0.
--------------------------------------------------------------------------
SIRIUS 7.0.0, git hash: https://api.github.com/repos/electronic-structure/SIRIUS/git/ref/tags/v7.0.0
[tcopt10:72693] 47 more processes have sent help message help-mpi-btl-base.txt / btl:no-nics
[tcopt10:72693] Set MCA parameter "orte_base_help_aggregate" to 0 to see all help / error messages
--------------------------------------------------------------------------
[[49672,1],0]: A high-performance Open MPI point-to-point messaging module
was unable to find any relevant network interfaces:

Module: OpenFabrics (openib)
  Host: tcopt10

Another transport will be used instead, although this may result in
lower performance.

NOTE: You can disable this warning by setting the MCA parameter
btl_base_warn_component_unused to 0.
--------------------------------------------------------------------------
SIRIUS 7.0.0, git hash: https://api.github.com/repos/electronic-structure/SIRIUS/git/ref/tags/v7.0.0
[tcopt10:83335] 47 more processes have sent help message help-mpi-btl-base.txt / btl:no-nics
[tcopt10:83335] Set MCA parameter "orte_base_help_aggregate" to 0 to see all help / error messages
