--------------------------------------------------------------------------
[[31989,1],1]: A high-performance Open MPI point-to-point messaging module
was unable to find any relevant network interfaces:

Module: OpenFabrics (openib)
  Host: tcopt10

Another transport will be used instead, although this may result in
lower performance.

NOTE: You can disable this warning by setting the MCA parameter
btl_base_warn_component_unused to 0.
--------------------------------------------------------------------------
SIRIUS 7.0.0, git hash: https://api.github.com/repos/electronic-structure/SIRIUS/git/ref/tags/v7.0.0
[tcopt10:64379] 15 more processes have sent help message help-mpi-btl-base.txt / btl:no-nics
[tcopt10:64379] Set MCA parameter "orte_base_help_aggregate" to 0 to see all help / error messages
--------------------------------------------------------------------------
[[31845,1],1]: A high-performance Open MPI point-to-point messaging module
was unable to find any relevant network interfaces:

Module: OpenFabrics (openib)
  Host: tcopt10

Another transport will be used instead, although this may result in
lower performance.

NOTE: You can disable this warning by setting the MCA parameter
btl_base_warn_component_unused to 0.
--------------------------------------------------------------------------
SIRIUS 7.0.0, git hash: https://api.github.com/repos/electronic-structure/SIRIUS/git/ref/tags/v7.0.0
[tcopt10:64491] 15 more processes have sent help message help-mpi-btl-base.txt / btl:no-nics
[tcopt10:64491] Set MCA parameter "orte_base_help_aggregate" to 0 to see all help / error messages
--------------------------------------------------------------------------
[[31500,1],3]: A high-performance Open MPI point-to-point messaging module
was unable to find any relevant network interfaces:

Module: OpenFabrics (openib)
  Host: tcopt10

Another transport will be used instead, although this may result in
lower performance.

NOTE: You can disable this warning by setting the MCA parameter
btl_base_warn_component_unused to 0.
--------------------------------------------------------------------------
SIRIUS 7.0.0, git hash: https://api.github.com/repos/electronic-structure/SIRIUS/git/ref/tags/v7.0.0
[tcopt10:64642] 31 more processes have sent help message help-mpi-btl-base.txt / btl:no-nics
[tcopt10:64642] Set MCA parameter "orte_base_help_aggregate" to 0 to see all help / error messages
