--------------------------------------------------------------------------
[[17923,1],1]: A high-performance Open MPI point-to-point messaging module
was unable to find any relevant network interfaces:

Module: OpenFabrics (openib)
  Host: tcopt10

Another transport will be used instead, although this may result in
lower performance.

NOTE: You can disable this warning by setting the MCA parameter
btl_base_warn_component_unused to 0.
--------------------------------------------------------------------------
SIRIUS 7.0.0, git hash: https://api.github.com/repos/electronic-structure/SIRIUS/git/ref/tags/v7.0.0
[tcopt10:49549] 5 more processes have sent help message help-mpi-btl-base.txt / btl:no-nics
[tcopt10:49549] Set MCA parameter "orte_base_help_aggregate" to 0 to see all help / error messages
[1612948071.250011] [tcopt10:49560:0]          mpool.c:38   UCX  WARN  object 0x7474800 was not returned to mpool ucp_requests
[1612948071.250036] [tcopt10:49560:0]          mpool.c:38   UCX  WARN  object 0x74749c0 was not returned to mpool ucp_requests
[1612948071.250046] [tcopt10:49560:0]          mpool.c:38   UCX  WARN  object 0x7474b80 was not returned to mpool ucp_requests
[1612948071.250053] [tcopt10:49560:0]          mpool.c:38   UCX  WARN  object 0x7474d40 was not returned to mpool ucp_requests
[1612948071.250005] [tcopt10:49556:0]          mpool.c:38   UCX  WARN  object 0x8961200 was not returned to mpool ucp_requests
[1612948071.250032] [tcopt10:49556:0]          mpool.c:38   UCX  WARN  object 0x89613c0 was not returned to mpool ucp_requests
[1612948071.250039] [tcopt10:49556:0]          mpool.c:38   UCX  WARN  object 0x8961580 was not returned to mpool ucp_requests
[1612948071.250045] [tcopt10:49556:0]          mpool.c:38   UCX  WARN  object 0x8961740 was not returned to mpool ucp_requests
[1612948071.250051] [tcopt10:49556:0]          mpool.c:38   UCX  WARN  object 0x8961ac0 was not returned to mpool ucp_requests
[1612948071.250058] [tcopt10:49556:0]          mpool.c:38   UCX  WARN  object 0x8961c80 was not returned to mpool ucp_requests
[1612948071.250064] [tcopt10:49556:0]          mpool.c:38   UCX  WARN  object 0x8961e40 was not returned to mpool ucp_requests
[1612948071.250071] [tcopt10:49556:0]          mpool.c:38   UCX  WARN  object 0x8962000 was not returned to mpool ucp_requests
[1612948071.250077] [tcopt10:49556:0]          mpool.c:38   UCX  WARN  object 0x89621c0 was not returned to mpool ucp_requests
[1612948071.250044] [tcopt10:49558:0]          mpool.c:38   UCX  WARN  object 0x80f9640 was not returned to mpool ucp_requests
[1612948071.250069] [tcopt10:49558:0]          mpool.c:38   UCX  WARN  object 0x80f9800 was not returned to mpool ucp_requests
[1612948071.250076] [tcopt10:49558:0]          mpool.c:38   UCX  WARN  object 0x80f99c0 was not returned to mpool ucp_requests
[1612948071.250082] [tcopt10:49558:0]          mpool.c:38   UCX  WARN  object 0x80f9b80 was not returned to mpool ucp_requests
[1612948071.250087] [tcopt10:49558:0]          mpool.c:38   UCX  WARN  object 0x80f9d40 was not returned to mpool ucp_requests
[1612948071.250083] [tcopt10:49556:0]          mpool.c:38   UCX  WARN  object 0x8962380 was not returned to mpool ucp_requests
[1612948071.250090] [tcopt10:49556:0]          mpool.c:38   UCX  WARN  object 0x8962540 was not returned to mpool ucp_requests
[1612948071.250096] [tcopt10:49556:0]          mpool.c:38   UCX  WARN  object 0x89628c0 was not returned to mpool ucp_requests
[1612948071.250102] [tcopt10:49556:0]          mpool.c:38   UCX  WARN  object 0x8962a80 was not returned to mpool ucp_requests
[1612948071.250107] [tcopt10:49556:0]          mpool.c:38   UCX  WARN  object 0x8962c40 was not returned to mpool ucp_requests
[1612948071.250115] [tcopt10:49556:0]          mpool.c:38   UCX  WARN  object 0x8962e00 was not returned to mpool ucp_requests
